
2018-07-13 09:19:25 INICIANDO PRUEBA...
2018-07-13 09:19:25 NUMERO DE TSN INTRODUCIDO: A95011B557CD45A
2018-07-13 09:19:29 NUMERO DE MAC INTRODUCIDO: B0935BB4263B
2018-07-13 09:19:34 NUMERO DE MAC INTRODUCIDO: B0935BB42639
2018-07-13 09:19:40 FORMATO DE NUMERO DE SKU INCORRECTO...
2018-07-13 09:21:02 INICIANDO PRUEBA...
2018-07-13 09:21:02 NUMERO DE TSN INTRODUCIDO: A95011B557CD45A
2018-07-13 09:21:06 FORMATO DE NUMERO DE MAC1 INCORRECTO...
2018-07-13 09:27:12 INICIANDO PRUEBA...
2018-07-13 09:27:12 NUMERO DE TSN INTRODUCIDO: A95011B557CD45A
2018-07-13 09:27:15 NUMERO DE MAC INTRODUCIDO: B0935BB4263B
2018-07-13 09:27:19 NUMERO DE MAC INTRODUCIDO: B0935BB42639
2018-07-13 09:27:23 FORMATO DE NUMERO DE SKU INCORRECTO...
2018-07-13 09:30:59 INICIANDO PRUEBA...
2018-07-13 09:30:59 NUMERO DE TSN INTRODUCIDO: A95011B557CD45A
2018-07-13 09:31:02 NUMERO DE MAC INTRODUCIDO: B0935BB4263B
2018-07-13 09:31:03 NUMERO DE MAC INTRODUCIDO: B0935BB42639
2018-07-13 09:31:05 FORMATO DE NUMERO DE SKU INCORRECTO...
2018-07-13 09:33:39 INICIANDO PRUEBA...
2018-07-13 09:33:39 NUMERO DE TSN INTRODUCIDO: A95011B557CD45A
2018-07-13 09:33:51 NUMERO DE MAC INTRODUCIDO: B0935BB4263B
2018-07-13 09:34:00 NUMERO DE MAC INTRODUCIDO: B0935BB42639
2018-07-13 09:34:06 FORMATO DE NUMERO DE SKU INCORRECTO...
2018-07-13 09:36:38 INICIANDO PRUEBA...
2018-07-13 09:36:38 NUMERO DE TSN INTRODUCIDO: A95011B557CD45A
2018-07-13 09:36:41 NUMERO DE MAC INTRODUCIDO: B0935BB4263B
2018-07-13 09:36:45 NUMERO DE MAC INTRODUCIDO: B0935BB42639
2018-07-13 09:36:48 FORMATO DE NUMERO DE SKU INCORRECTO...
2018-07-13 09:38:15 INICIANDO PRUEBA...
2018-07-13 09:38:15 NUMERO DE TSN INTRODUCIDO: A95011B557CD45A
2018-07-13 09:38:31 NUMERO DE MAC INTRODUCIDO: B0935BB4263B
2018-07-13 09:38:35 FORMATO DE NUMERO DE MAC1 INCORRECTO...
2018-07-13 09:41:55 INICIANDO PRUEBA...
2018-07-13 09:41:55 NUMERO DE TSN INTRODUCIDO: A95011B557CD45A
2018-07-13 09:41:57 NUMERO DE MAC INTRODUCIDO: B0935BB42639
2018-07-13 09:42:01 FORMATO DE NUMERO DE MAC1 INCORRECTO...
2018-07-13 09:47:41 INICIANDO PRUEBA...
2018-07-13 09:47:41 NUMERO DE TSN INTRODUCIDO: A95011B557CD45A
2018-07-13 09:47:44 NUMERO DE MAC INTRODUCIDO: B0935BB4263B
2018-07-13 09:47:48 NUMERO DE MAC INTRODUCIDO: B0935BB42639
2018-07-13 09:47:54 FORMATO DE NUMERO DE SKU INCORRECTO...